JvmtiExport can_access_local_variables 0
JvmtiExport can_hotswap_or_post_breakpoint 0
JvmtiExport can_post_on_exceptions 0
# 172 ciObject found
ciMethodData java/lang/Object <init> ()V 2 371043 orig 80 0 0 0 0 0 0 0 0 0 0 0 0 0 0 0 0 0 0 0 0 0 0 0 0 0 0 0 0 0 0 0 0 0 0 0 0 0 0 0 0 0 0 0 0 0 0 0 0 0 0 0 0 0 0 0 0 0 0 0 0 0 0 0 0 0 0 0 0 0 0 0 0 0 0 0 0 0 0 0 0 data 4 0x0 0x9 0x1 0x0 oops 0 methods 0
ciMethodData java/lang/String isLatin1 ()Z 2 923073 orig 80 1 0 0 0 2 0 0 0 0 0 0 0 8 0 0 0 0 0 0 0 0 0 0 0 0 0 0 0 0 0 0 0 0 0 0 0 0 0 0 3 0 0 0 0 0 0 0 0 0 0 0 0 0 0 0 0 0 0 0 0 0 0 0 0 0 0 0 0 0 0 0 0 0 0 0 0 0 0 0 0 data 18 0x30007 0x0 0x58 0xe150b 0x80000006000a0007 0x27 0x38 0xe14ec 0xe0003 0xe14f2 0x18 0x0 0x0 0x0 0x0 0x9 0x1 0x0 oops 0 methods 0
ciMethodData java/lang/String coder ()B 2 501699 orig 80 0 0 0 0 0 0 0 0 0 0 0 0 254 7 0 0 0 0 0 0 0 0 0 0 0 0 0 0 0 0 0 0 0 0 0 0 0 0 0 0 0 0 0 0 0 0 0 0 0 0 0 0 0 0 0 0 0 0 0 0 0 0 0 0 0 0 0 0 0 0 0 0 0 0 0 0 0 0 0 0 data 14 0x30007 0x0 0x38 0x7a6a7 0xa0003 0x7a6ac 0x18 0x0 0x0 0x0 0x0 0x9 0x1 0x0 oops 0 methods 0
ciMethodData java/lang/String length ()I 2 361549 orig 80 0 0 0 0 0 0 0 0 0 0 0 0 254 7 0 0 0 0 0 0 0 0 0 0 0 0 0 0 0 0 0 0 0 0 0 0 0 0 0 0 0 0 0 0 0 0 0 0 0 0 0 0 0 0 0 0 0 0 0 0 0 0 0 0 0 0 0 0 0 0 0 0 0 0 0 0 0 0 0 0 data 16 0x60005 0x5830e 0x0 0x0 0x0 0x0 0x0 0x0 0x0 0x0 0x0 0x0 0x0 0x9 0x1 0x0 oops 0 methods 0
ciMethodData java/lang/String charAt (I)C 2 727433 orig 80 1 0 0 0 0 0 0 0 0 0 0 0 254 7 0 0 0 0 0 0 0 0 0 0 0 0 0 0 0 0 0 0 0 0 0 0 0 0 0 0 0 0 0 0 0 0 0 0 0 0 0 0 0 0 0 0 0 0 0 0 0 0 0 0 0 0 0 0 0 0 0 0 0 0 0 0 0 0 0 0 data 25 0x10005 0xb187e 0x0 0x0 0x0 0x0 0x0 0x40007 0x10 0x30 0xb1880 0xc0002 0xb1888 0x150002 0x10 0x0 0x0 0x0 0x0 0x0 0x0 0x9 0x2 0x0 0x0 oops 0 methods 0
ciMethodData java/lang/StringLatin1 charAt ([BI)C 2 718326 orig 80 0 0 0 0 0 0 0 0 0 0 0 0 0 0 0 0 0 0 0 0 0 0 0 0 0 0 0 0 0 0 0 0 0 0 0 0 0 0 0 0 0 0 0 0 0 0 0 0 0 0 0 0 0 0 0 0 0 0 0 0 0 0 0 0 0 0 0 0 0 0 0 0 0 0 0 0 0 0 0 0 data 18 0x10007 0x0 0x40 0xaf4e4 0x70007 0xaf4e5 0x30 0x0 0xf0002 0x0 0x0 0x0 0x0 0x0 0x9 0x2 0x0 0x0 oops 0 methods 0
ciMethodData java/lang/String checkBoundsBeginEnd (III)V 2 5476 orig 80 0 0 0 0 0 0 0 0 0 0 0 0 254 7 0 0 0 0 0 0 0 0 0 0 0 0 0 0 0 0 0 0 0 0 0 0 0 0 0 0 0 0 0 0 0 0 0 0 0 0 0 0 0 0 0 0 0 0 0 0 0 0 0 0 0 0 0 0 0 0 0 0 0 0 0 0 0 0 0 0 data 76 0x10007 0x0 0x60 0x1463 0x60007 0x0 0x40 0x1463 0xb0007 0x1463 0x1c8 0x0 0x160002 0x0 0x1c0005 0x0 0x0 0x0 0x0 0x0 0x0 0x200005 0x0 0x0 0x0 0x0 0x0 0x0 0x260005 0x0 0x0 0x0 0x0 0x0 0x0 0x2a0005 0x0 0x0 0x0 0x0 0x0 0x0 0x300005 0x0 0x0 0x0 0x0 0x0 0x0 0x340005 0x0 0x0 0x0 0x0 0x0 0x0 0x370005 0x0 0x0 0x0 0x0 0x0 0x0 0x3a0002 0x0 0x0 0x0 0x0 0x0 0x0 0x0 0x9 0x3 0x0 0x0 0x0 oops 0 methods 0
ciMethodData java/lang/String substring (II)Ljava/lang/String; 2 12566 orig 80 1 0 0 0 0 0 0 0 0 0 0 0 0 0 0 0 0 0 0 0 0 0 0 0 0 0 0 0 0 0 0 0 0 0 0 0 0 0 0 1 0 0 0 0 0 0 0 0 0 0 0 0 0 0 0 0 0 0 0 0 0 0 0 0 0 0 0 0 0 0 0 0 0 0 0 0 0 0 0 0 data 46 0x10005 0x3016 0x0 0x0 0x0 0x0 0x0 0x80002 0x3016 0xc0007 0x1516 0x40 0x1b00 0x110007 0x13aa 0x20 0x756 0x1c0005 0x28c0 0x0 0x0 0x0 0x0 0x0 0x80000006001f0007 0x7 0x48 0x28ba 0x290002 0x28ba 0x2c0003 0x28ba 0x28 0x360002 0x7 0x0 0x0 0x0 0x0 0x0 0x0 0x9 0x3 0x0 0x0 0x0 oops 0 methods 0
ciMethodData java/lang/StringUTF16 charAt ([BI)C 1 197 orig 80 0 0 0 0 0 0 0 0 0 0 0 0 0 0 0 0 0 0 0 0 0 0 0 0 0 0 0 0 0 0 0 0 0 0 0 0 0 0 0 0 0 0 0 0 0 0 0 0 0 0 0 0 0 0 0 0 0 0 0 0 0 0 0 0 0 0 0 0 0 0 0 0 0 0 0 0 0 0 0 0 data 14 0x20002 0xc5 0x70002 0xb6 0x0 0x0 0x0 0x0 0x0 0x0 0x9 0x2 0x0 0x0 oops 0 methods 0
ciMethodData java/lang/String checkBoundsOffCount (III)V 2 5521 orig 80 0 0 0 0 0 0 0 0 0 0 0 0 254 7 0 0 0 0 0 0 0 0 0 0 0 0 0 0 0 0 0 0 0 0 0 0 0 0 0 0 0 0 0 0 0 0 0 0 0 0 0 0 0 0 0 0 0 0 0 0 0 0 0 0 0 0 0 0 0 0 0 0 0 0 0 0 0 0 0 0 data 76 0x10007 0x0 0x60 0x1401 0x50007 0x0 0x40 0x1401 0xc0007 0x1401 0x1c8 0x0 0x170002 0x0 0x1d0005 0x0 0x0 0x0 0x0 0x0 0x0 0x210005 0x0 0x0 0x0 0x0 0x0 0x0 0x270005 0x0 0x0 0x0 0x0 0x0 0x0 0x2b0005 0x0 0x0 0x0 0x0 0x0 0x0 0x310005 0x0 0x0 0x0 0x0 0x0 0x0 0x350005 0x0 0x0 0x0 0x0 0x0 0x0 0x380005 0x0 0x0 0x0 0x0 0x0 0x0 0x3b0002 0x0 0x0 0x0 0x0 0x0 0x0 0x0 0x9 0x3 0x0 0x0 0x0 oops 0 methods 0
ciMethodData java/lang/String <init> ([CIILjava/lang/Void;)V 2 6429 orig 80 1 0 0 0 0 0 0 0 0 0 0 0 254 7 0 0 0 0 0 0 0 0 0 0 0 0 0 0 0 0 0 0 0 0 0 0 0 0 0 0 0 0 0 0 0 0 0 0 0 0 0 0 0 0 0 0 0 0 0 0 0 0 0 0 0 0 0 0 0 0 0 0 0 0 0 0 0 0 0 0 data 31 0x10002 0x181d 0x50007 0x181b 0x20 0x2 0x1e0007 0x0 0x50 0x181b 0x240002 0x181b 0x2b0007 0xa 0x20 0x1813 0x430002 0xa 0x0 0x0 0x0 0x0 0x0 0x0 0x9 0x5 0xc 0x0 0x0 0x0 0x0 oops 0 methods 0
ciMethodData java/lang/StringUTF16 compress ([CII)[B 2 6420 orig 80 1 0 0 0 0 0 0 0 0 0 0 0 0 0 0 0 0 0 0 0 0 0 0 0 0 0 0 0 0 0 0 0 0 0 0 0 0 0 0 3 0 0 0 0 0 0 0 0 0 0 0 0 0 0 0 0 0 0 0 0 0 0 0 0 0 0 0 0 0 0 0 0 0 0 0 0 0 0 0 0 data 17 0x90002 0x1818 0x80000006000d0007 0xa 0x20 0x1811 0x0 0x0 0x0 0x0 0x0 0x0 0x9 0x3 0x0 0x0 0x0 oops 0 methods 0
ciMethodData java/lang/String <init> ([C)V 2 5270 orig 80 0 0 0 0 0 0 0 0 0 0 0 0 0 0 0 0 0 0 0 0 0 0 0 0 0 0 0 0 0 0 0 0 0 0 0 0 0 0 0 0 0 0 0 0 0 0 0 0 0 0 0 0 0 0 0 0 0 0 0 0 0 0 0 0 0 0 0 0 0 0 0 0 0 0 0 0 0 0 0 0 data 9 0x60002 0x1403 0x0 0x0 0x0 0x9 0x2 0x0 0x0 oops 0 methods 0
ciMethodData java/lang/String getChars (II[CI)V 2 10094 orig 80 1 0 0 0 0 0 0 0 0 0 0 0 254 7 0 0 0 0 0 0 0 0 0 0 0 0 0 0 0 0 0 0 0 0 0 0 0 0 0 1 0 0 0 0 0 0 0 0 0 0 0 0 0 0 0 0 0 0 0 0 0 0 0 0 0 0 0 0 0 0 0 0 0 0 0 0 0 0 0 0 data 42 0x30005 0x266e 0x0 0x0 0x0 0x0 0x0 0x60002 0x266e 0x100002 0x266e 0x140005 0x266f 0x0 0x0 0x0 0x0 0x0 0x8000000600170007 0xb 0x48 0x2664 0x230002 0x2664 0x260003 0x2665 0x28 0x320002 0xb 0x0 0x0 0x0 0x0 0x0 0x0 0x9 0x5 0x0 0x0 0x0 0x0 0x0 oops 0 methods 0
ciMethodData java/lang/StringLatin1 getChars ([BII[CI)V 2 8476 orig 80 0 0 0 0 0 0 0 0 0 0 0 0 0 0 0 0 0 0 0 0 0 0 0 0 0 0 0 0 0 0 0 0 0 0 0 0 0 0 0 0 0 0 0 0 0 0 0 0 0 0 0 0 0 0 0 0 0 0 0 0 0 0 0 0 0 0 0 0 0 0 0 0 0 0 0 0 0 0 0 0 data 15 0x80002 0x201c 0x0 0x0 0x0 0x0 0x0 0x0 0x9 0x5 0x0 0x0 0x0 0x0 0x0 oops 0 methods 0
ciMethodData java/io/WinNTFileSystem resolve (Ljava/lang/String;Ljava/lang/String;)Ljava/lang/String; 2 6400 orig 80 0 0 0 0 0 0 0 0 0 0 0 0 254 7 0 0 0 0 0 0 0 0 0 0 0 0 0 0 0 0 0 0 0 0 0 0 0 0 0 0 0 0 0 0 0 0 0 0 0 0 0 0 0 0 0 0 0 0 0 0 0 0 0 0 0 0 0 0 0 0 0 0 0 0 0 0 0 0 0 0 data 183 0x10005 0x1800 0x0 0x0 0x0 0x0 0x0 0x60007 0x1800 0x20 0x0 0xc0005 0x1800 0x0 0x0 0x0 0x0 0x0 0x130007 0x17fd 0x20 0x2 0x230007 0x17fd 0x120 0x0 0x290005 0x0 0x0 0x0 0x0 0x0 0x0 0x2c0005 0x0 0x0 0x0 0x0 0x0 0x0 0x2f0007 0x0 0x90 0x0 0x340005 0x0 0x0 0x0 0x0 0x0 0x0 0x390007 0x0 0x38 0x0 0x3d0003 0x0 0x18 0x460007 0x0 0x1b8 0x17fd 0x4c0005 0x17fd 0x0 0x0 0x0 0x0 0x0 0x530007 0x17f2 0x160 0xb 0x590005 0xb 0x0 0x0 0x0 0x0 0x0 0x600007 0xb 0x38 0x0 0x660003 0x0 0x38 0x6b0007 0x0 0x20 0xb 0x750007 0xb 0xb0 0x0 0x7c0005 0x0 0x0 0x0 0x0 0x0 0x0 0x830007 0x0 0x58 0x0 0x8b0005 0x0 0x0 0x0 0x0 0x0 0x0 0x950005 0x17fd 0x0 0x0 0x0 0x0 0x0 0x9c0007 0x17fd 0x20 0x0 0xb20005 0x17fd 0x0 0x0 0x0 0x0 0x0 0xb90007 0x0 0x40 0x17fd 0xbe0007 0x17fd 0xa8 0x0 0xce0005 0x0 0x0 0x0 0x0 0x0 0x0 0xda0005 0x0 0x0 0x0 0x0 0x0 0x0 0xdd0003 0x0 0x88 0xef0005 0x17fd 0x0 0x0 0x0 0x0 0x0 0x1060005 0x17fe 0x0 0x0 0x0 0x0 0x0 0x10f0002 0x17fe 0x0 0x0 0x0 0x0 0x0 0x0 0x9 0x3 0x0 0x0 0x0 oops 0 methods 0
ciInstanceKlass java/lang/Cloneable 1 0 7 100 1 100 1 1 1
instanceKlass org/apache/tomcat/PeriodicEventListener
instanceKlass org/apache/catalina/webresources/Cache$EvictionOrder
instanceKlass org/apache/tomcat/util/buf/HexUtils
instanceKlass org/apache/coyote/http11/Constants
instanceKlass org/thymeleaf/inline/NoOpInliner
instanceKlass org/thymeleaf/util/EvaluationUtils
instanceKlass org/thymeleaf/engine/Attribute$1
instanceKlass org/thymeleaf/engine/Model
instanceKlass org/unbescape/html/Html5EscapeSymbolsInitializer
instanceKlass org/unbescape/html/HtmlEscapeSymbols$1
instanceKlass org/unbescape/html/HtmlEscapeSymbols$Reference
instanceKlass org/unbescape/html/HtmlEscapeSymbols$References
instanceKlass org/unbescape/html/Html4EscapeSymbolsInitializer
instanceKlass org/unbescape/html/HtmlEscapeSymbols
instanceKlass org/unbescape/html/HtmlEscapeUtil
instanceKlass org/thymeleaf/standard/processor/StandardTextTagProcessor$1
instanceKlass org/thymeleaf/standard/expression/NoOpToken
instanceKlass org/thymeleaf/standard/expression/LiteralValue
instanceKlass org/springframework/expression/spel/CodeFlow
instanceKlass org/springframework/expression/spel/ExpressionState
instanceKlass org/thymeleaf/spring5/expression/SPELContextMapWrapper
instanceKlass org/thymeleaf/context/ILazyContextVariable
instanceKlass org/thymeleaf/spring5/expression/SPELVariableExpressionEvaluator$ComputedSpelExpression
instanceKlass org/springframework/expression/spel/standard/SpelExpression
instanceKlass org/springframework/expression/spel/ast/ValueRef
instanceKlass org/springframework/expression/spel/standard/Token
instanceKlass org/springframework/expression/spel/standard/Tokenizer
instanceKlass java/util/regex/Pattern$CharPredicate$$Lambda$698+0x0000000800eefee0
instanceKlass java/util/regex/CharPredicates$$Lambda$697+0x0000000800eefc88
instanceKlass org/springframework/expression/spel/ast/SpelNodeImpl
instanceKlass org/springframework/expression/spel/SpelNode
instanceKlass org/thymeleaf/standard/util/StandardExpressionUtils
instanceKlass org/thymeleaf/spring5/expression/SpringStandardExpressions
instanceKlass org/thymeleaf/cache/StandardCache$CacheEntry
instanceKlass org/thymeleaf/standard/expression/ExpressionParsingNode
instanceKlass org/thymeleaf/standard/expression/LiteralSubstitutionUtil
instanceKlass org/thymeleaf/standard/expression/IStandardVariableExpression
instanceKlass org/thymeleaf/standard/expression/ExpressionParsingUtil
instanceKlass org/thymeleaf/standard/expression/Expression
instanceKlass org/thymeleaf/cache/ExpressionCacheKey
instanceKlass org/thymeleaf/standard/expression/ExpressionCache
instanceKlass java/util/regex/Pattern$$Lambda$696+0x0000000800eefa30
instanceKlass org/thymeleaf/standard/expression/StandardExpressionPreprocessor
instanceKlass org/thymeleaf/standard/expression/StandardExpressions
instanceKlass org/unbescape/html/HtmlEscape
instanceKlass org/thymeleaf/util/EscapedAttributeUtils$1
instanceKlass org/thymeleaf/util/EscapedAttributeUtils
instanceKlass org/thymeleaf/engine/ElementProcessorIterator
instanceKlass org/thymeleaf/engine/ProcessorExecutionVars
instanceKlass org/thymeleaf/engine/Attributes
instanceKlass org/thymeleaf/engine/ElementDefinitions$1
instanceKlass org/thymeleaf/engine/Attribute
instanceKlass org/thymeleaf/model/IAttribute
instanceKlass org/attoparser/ParsingAttributeSequenceUtil
instanceKlass org/thymeleaf/engine/EngineEventUtils
instanceKlass org/attoparser/HtmlElements$HtmlElementRepository$ElementComparator
instanceKlass org/attoparser/HtmlElements$HtmlElementRepository
instanceKlass org/attoparser/HtmlElement
instanceKlass org/attoparser/HtmlElements
instanceKlass org/attoparser/HtmlNames
instanceKlass org/attoparser/MarkupEventProcessorHandler$StandardNamesRepository
instanceKlass org/attoparser/util/TextUtil
instanceKlass org/attoparser/ParsingLocatorUtil
instanceKlass org/attoparser/ParsingDocTypeMarkupUtil
instanceKlass org/attoparser/ParsingCDATASectionMarkupUtil
instanceKlass org/attoparser/ParsingCommentMarkupUtil
instanceKlass org/attoparser/ParsingElementMarkupUtil
instanceKlass org/attoparser/ParsingMarkupUtil
instanceKlass org/thymeleaf/standard/inline/AbstractStandardInliner
instanceKlass org/thymeleaf/standard/processor/StandardInlineEnablementTemplateBoundariesProcessor$1
instanceKlass org/attoparser/select/ParseSelection
instanceKlass org/attoparser/ParseStatus
instanceKlass org/attoparser/MarkupEventProcessorHandler$StructureNamesRepository
instanceKlass org/thymeleaf/templateparser/markup/InlinedOutputExpressionMarkupHandler$InlineMarkupAdapterPreProcessorHandler
instanceKlass org/thymeleaf/standard/inline/OutputExpressionInlinePreProcessorHandler
instanceKlass org/thymeleaf/standard/inline/IInlinePreProcessorHandler
instanceKlass org/thymeleaf/model/ITemplateEnd
instanceKlass org/thymeleaf/model/ITemplateStart
instanceKlass org/attoparser/AbstractMarkupHandler
instanceKlass org/thymeleaf/engine/TemplateManager$1
instanceKlass org/thymeleaf/engine/AbstractTemplateHandler
instanceKlass org/thymeleaf/engine/DecreaseContextLevelProcessable
instanceKlass org/thymeleaf/model/ICloseElementTag
instanceKlass org/thymeleaf/engine/AbstractGatheringModelProcessable
instanceKlass org/thymeleaf/engine/IGatheringModelProcessable
instanceKlass org/thymeleaf/engine/TemplateModelController
instanceKlass org/thymeleaf/engine/XMLDeclarationStructureHandler
instanceKlass org/thymeleaf/engine/TextStructureHandler
instanceKlass org/thymeleaf/engine/ProcessingInstructionStructureHandler
instanceKlass org/thymeleaf/engine/DocTypeStructureHandler
instanceKlass org/thymeleaf/engine/CommentStructureHandler
instanceKlass org/thymeleaf/engine/CDATASectionStructureHandler
instanceKlass org/thymeleaf/engine/TemplateBoundariesStructureHandler
instanceKlass org/thymeleaf/engine/ElementModelStructureHandler
instanceKlass org/thymeleaf/engine/ElementTagStructureHandler
instanceKlass org/thymeleaf/model/IOpenElementTag
instanceKlass org/thymeleaf/model/IText
instanceKlass org/thymeleaf/processor/text/ITextStructureHandler
instanceKlass org/thymeleaf/model/IComment
instanceKlass org/thymeleaf/processor/comment/ICommentStructureHandler
instanceKlass org/thymeleaf/model/ICDATASection
instanceKlass org/thymeleaf/processor/cdatasection/ICDATASectionStructureHandler
instanceKlass org/thymeleaf/model/IDocType
instanceKlass org/thymeleaf/processor/doctype/IDocTypeStructureHandler
instanceKlass org/thymeleaf/model/IProcessingInstruction
instanceKlass org/thymeleaf/processor/processinginstruction/IProcessingInstructionStructureHandler
instanceKlass org/thymeleaf/processor/element/IElementModelStructureHandler
instanceKlass org/thymeleaf/processor/element/IElementTagStructureHandler
instanceKlass org/thymeleaf/engine/IEngineTemplateEvent
instanceKlass org/thymeleaf/engine/AbstractTemplateEvent
instanceKlass org/thymeleaf/model/IStandaloneElementTag
instanceKlass org/thymeleaf/model/IXMLDeclaration
instanceKlass org/thymeleaf/processor/xmldeclaration/IXMLDeclarationStructureHandler
instanceKlass org/thymeleaf/engine/IEngineProcessable
instanceKlass org/thymeleaf/processor/templateboundaries/ITemplateBoundariesStructureHandler
instanceKlass org/thymeleaf/engine/ProcessorTemplateHandler
instanceKlass org/thymeleaf/context/WebEngineContext$NoOpMapImpl
instanceKlass org/thymeleaf/model/IProcessableElementTag
instanceKlass org/thymeleaf/model/IElementTag
instanceKlass org/thymeleaf/context/WebEngineContext$RequestAttributesVariablesMap$SelectionTarget
instanceKlass org/thymeleaf/context/AbstractEngineContext
instanceKlass org/thymeleaf/engine/EngineContextManager
instanceKlass org/thymeleaf/engine/TemplateData
instanceKlass org/thymeleaf/cache/NonCacheableCacheEntryValidity
instanceKlass org/thymeleaf/spring5/templateresource/SpringResourceTemplateResource
instanceKlass org/thymeleaf/cache/TemplateCacheKey
instanceKlass org/apache/tomcat/util/buf/C2BConverter
instanceKlass org/apache/tomcat/util/http/parser/MediaType
instanceKlass org/thymeleaf/util/ContentTypeUtils$ContentType
instanceKlass org/thymeleaf/util/ContentTypeUtils
instanceKlass org/thymeleaf/spring5/util/SpringContentTypeUtils
instanceKlass org/thymeleaf/expression/IExpressionObjects
instanceKlass org/thymeleaf/context/AbstractContext
instanceKlass org/thymeleaf/context/IWebContext
instanceKlass org/thymeleaf/Thymeleaf
instanceKlass org/thymeleaf/ConfigurationPrinterHelper$ConfigLogBuilder
instanceKlass org/thymeleaf/ConfigurationPrinterHelper
instanceKlass org/thymeleaf/templateparser/raw/RawParser$BufferPool
instanceKlass org/thymeleaf/templateparser/raw/RawParser
instanceKlass org/thymeleaf/templateparser/raw/IRawHandler
instanceKlass org/thymeleaf/templateparser/raw/RawTemplateParser
instanceKlass org/thymeleaf/templateparser/text/TextParser$BufferPool
instanceKlass org/thymeleaf/templateparser/text/TextParser
instanceKlass org/thymeleaf/templateparser/text/ITextHandler
instanceKlass org/thymeleaf/templateparser/text/AbstractTextTemplateParser
instanceKlass org/attoparser/MarkupParser$BufferPool
instanceKlass org/attoparser/MarkupParser
instanceKlass org/attoparser/config/ParseConfiguration$PrologParseConfiguration
instanceKlass org/attoparser/config/ParseConfiguration
instanceKlass org/attoparser/select/IMarkupSelectorReferenceResolver
instanceKlass org/attoparser/IMarkupHandler
instanceKlass org/attoparser/IProcessingInstructionHandler
instanceKlass org/attoparser/IElementHandler
instanceKlass org/attoparser/IAttributeSequenceHandler
instanceKlass org/attoparser/ITextHandler
instanceKlass org/attoparser/ICommentHandler
instanceKlass org/attoparser/ICDATASectionHandler
instanceKlass org/attoparser/IDocTypeHandler
instanceKlass org/attoparser/IXMLDeclarationHandler
instanceKlass org/attoparser/IDocumentHandler
instanceKlass org/attoparser/IMarkupParser
instanceKlass org/thymeleaf/templateparser/markup/AbstractMarkupTemplateParser
instanceKlass org/thymeleaf/cache/StandardCache$CacheDataContainer
instanceKlass org/thymeleaf/cache/StandardCache
instanceKlass org/thymeleaf/templateparser/ITemplateParser
instanceKlass org/thymeleaf/engine/ISSEThrottledTemplateWriterControl
instanceKlass org/thymeleaf/engine/IThrottledTemplateWriterControl
instanceKlass org/thymeleaf/engine/ITemplateHandler
instanceKlass org/thymeleaf/engine/TemplateManager
instanceKlass org/thymeleaf/engine/AttributeDefinitions$1
instanceKlass org/thymeleaf/engine/AttributeDefinitions$AttributeDefinitionRepository
instanceKlass org/thymeleaf/engine/AttributeDefinition
instanceKlass org/thymeleaf/engine/AttributeDefinitions
instanceKlass org/thymeleaf/engine/ElementDefinitions$ElementDefinitionRepository
instanceKlass org/thymeleaf/engine/ElementDefinitions$HTMLElementDefinitionSpec
instanceKlass org/thymeleaf/engine/ElementDefinition
instanceKlass org/thymeleaf/engine/ElementDefinitions
instanceKlass java/util/EnumMap$EntryIterator$Entry
instanceKlass org/thymeleaf/dialect/IPostProcessorDialect
instanceKlass org/thymeleaf/dialect/IPreProcessorDialect
instanceKlass org/thymeleaf/spring5/expression/Mvc$MethodArgumentBuilderWrapper
instanceKlass org/thymeleaf/spring5/expression/Mvc$Spring41MvcUriComponentsBuilderDelegate
instanceKlass org/thymeleaf/spring5/expression/Mvc$MvcUriComponentsBuilderDelegate
instanceKlass org/thymeleaf/spring5/expression/Mvc
instanceKlass org/thymeleaf/expression/Aggregates
instanceKlass org/thymeleaf/expression/Maps
instanceKlass org/thymeleaf/expression/Sets
instanceKlass org/thymeleaf/expression/Lists
instanceKlass org/thymeleaf/expression/Arrays
instanceKlass org/thymeleaf/expression/Objects
instanceKlass org/thymeleaf/expression/Bools
instanceKlass org/thymeleaf/expression/Uris
instanceKlass org/thymeleaf/standard/expression/StandardExpressionObjectFactory
instanceKlass org/thymeleaf/standard/serializer/StandardCSSSerializer
instanceKlass org/thymeleaf/standard/serializer/StandardJavaScriptSerializer$JacksonStandardJavaScriptSerializer
instanceKlass org/thymeleaf/standard/serializer/StandardJavaScriptSerializer
instanceKlass org/thymeleaf/standard/expression/AbstractStandardConversionService
instanceKlass org/thymeleaf/standard/expression/IStandardExpression
instanceKlass org/thymeleaf/standard/expression/StandardExpressionParser
instanceKlass org/thymeleaf/spring5/expression/SPELVariableExpressionEvaluator
instanceKlass org/thymeleaf/util/ProcessorComparators$PostProcessorPrecedenceComparator
instanceKlass org/thymeleaf/util/ProcessorComparators$PreProcessorPrecedenceComparator
instanceKlass org/thymeleaf/util/ProcessorComparators$ProcessorPrecedenceComparator
instanceKlass org/thymeleaf/util/ProcessorComparators
instanceKlass org/thymeleaf/util/ProcessorConfigurationUtils$AbstractProcessorWrapper
instanceKlass org/thymeleaf/engine/IElementDefinitionsAware
instanceKlass org/thymeleaf/processor/processinginstruction/IProcessingInstructionProcessor
instanceKlass org/thymeleaf/postprocessor/IPostProcessor
instanceKlass org/thymeleaf/processor/xmldeclaration/IXMLDeclarationProcessor
instanceKlass org/thymeleaf/preprocessor/IPreProcessor
instanceKlass org/thymeleaf/util/ProcessorConfigurationUtils
instanceKlass org/thymeleaf/model/ITemplateEvent
instanceKlass org/thymeleaf/processor/templateboundaries/ITemplateBoundariesProcessor
instanceKlass org/thymeleaf/processor/comment/ICommentProcessor
instanceKlass org/thymeleaf/processor/doctype/IDocTypeProcessor
instanceKlass org/thymeleaf/processor/cdatasection/ICDATASectionProcessor
instanceKlass org/thymeleaf/processor/text/ITextProcessor
instanceKlass org/thymeleaf/processor/element/MatchingElementName
instanceKlass org/thymeleaf/engine/ElementNames$ElementNamesRepository
instanceKlass org/thymeleaf/engine/ElementName
instanceKlass org/thymeleaf/engine/ElementNames
instanceKlass org/thymeleaf/inline/IInliner
instanceKlass org/thymeleaf/model/IModel
instanceKlass org/thymeleaf/util/StringUtils
instanceKlass org/thymeleaf/processor/element/MatchingAttributeName
instanceKlass org/thymeleaf/util/TextUtils
instanceKlass org/thymeleaf/engine/AttributeNames$AttributeNamesRepository
instanceKlass org/thymeleaf/engine/AttributeName
instanceKlass org/thymeleaf/engine/AttributeNames
instanceKlass org/thymeleaf/standard/expression/StandardExpressionExecutionContext
instanceKlass org/thymeleaf/processor/AbstractProcessor
instanceKlass org/thymeleaf/processor/element/IElementTagProcessor
instanceKlass org/thymeleaf/processor/element/IElementProcessor
instanceKlass org/thymeleaf/processor/IProcessor
instanceKlass org/thymeleaf/engine/IAttributeDefinitionsAware
instanceKlass org/thymeleaf/DialectSetConfiguration$AggregateExpressionObjectFactory
instanceKlass org/thymeleaf/DialectSetConfiguration
instanceKlass org/thymeleaf/EngineConfiguration$LinkBuilderComparator
instanceKlass org/thymeleaf/EngineConfiguration$MessageResolverComparator
instanceKlass org/thymeleaf/EngineConfiguration$TemplateResolverComparator
instanceKlass org/thymeleaf/EngineConfiguration
instanceKlass org/thymeleaf/spring5/expression/SPELContextPropertyAccessor
instanceKlass org/springframework/expression/spel/support/StandardTypeConverter$$Lambda$695+0x0000000800f9cb98
instanceKlass org/thymeleaf/spring5/expression/IThymeleafEvaluationContext
instanceKlass org/thymeleaf/spring5/context/webmvc/SpringWebMvcThymeleafRequestDataValueProcessor
instanceKlass org/thymeleaf/spring5/context/IThymeleafRequestDataValueProcessor
instanceKlass org/thymeleaf/spring5/context/webmvc/SpringWebMvcThymeleafRequestContext
instanceKlass org/thymeleaf/spring5/context/IThymeleafRequestContext
instanceKlass org/springframework/web/servlet/view/AbstractView$$Lambda$694+0x0000000800f9d000
instanceKlass org/springframework/web/servlet/support/RequestContext
instanceKlass org/springframework/web/accept/ContentNegotiationManager$$Lambda$693+0x0000000800f9f8d0
instanceKlass org/springframework/web/method/annotation/SessionAttributesHandler$$Lambda$692+0x0000000800f9f6a0
instanceKlass org/springframework/util/PatternMatchUtils
instanceKlass org/springframework/web/bind/annotation/ResponseBody
instanceKlass org/springframework/web/context/request/async/WebAsyncTask
instanceKlass java/util/concurrent/CompletionStage
instanceKlass org/springframework/web/context/request/async/DeferredResult
instanceKlass org/springframework/web/servlet/mvc/method/annotation/StreamingResponseBody
instanceKlass org/springframework/web/method/support/AsyncHandlerMethodReturnValueHandler
instanceKlass org/springframework/web/bind/annotation/RequestAttribute
instanceKlass org/springframework/web/bind/annotation/SessionAttribute
instanceKlass org/springframework/web/bind/annotation/CookieValue
instanceKlass org/springframework/web/bind/annotation/RequestHeader
instanceKlass org/springframework/web/bind/annotation/RequestBody
instanceKlass org/springframework/web/bind/annotation/MatrixVariable
instanceKlass org/springframework/web/bind/annotation/PathVariable
instanceKlass org/springframework/web/multipart/MultipartFile
instanceKlass org/springframework/web/multipart/support/MultipartResolutionDelegate
instanceKlass org/springframework/web/bind/annotation/RequestPart
instanceKlass org/springframework/web/bind/annotation/RequestParam
instanceKlass org/springframework/web/context/request/async/WebAsyncManager$$Lambda$691+0x0000000800f9ae90
instanceKlass org/springframework/web/bind/annotation/ModelAttribute
instanceKlass org/springframework/ui/ModelMap$$Lambda$690+0x0000000800f9a550
instanceKlass org/springframework/web/servlet/support/RequestContextUtils
instanceKlass org/springframework/web/bind/support/SimpleSessionStatus
instanceKlass org/springframework/web/bind/support/SessionStatus
instanceKlass org/springframework/web/servlet/mvc/method/annotation/RequestMappingHandlerAdapter$$Lambda$689+0x0000000800f98fb8
instanceKlass java/lang/invoke/LambdaForm$DMH+0x0000000800f9c000
instanceKlass org/springframework/web/bind/annotation/SessionAttributes
instanceKlass org/springframework/web/servlet/mvc/method/annotation/RequestMappingHandlerAdapter$$Lambda$688+0x0000000800f97d00
instanceKlass org/springframework/web/servlet/mvc/method/annotation/RequestMappingHandlerAdapter$$Lambda$687+0x0000000800f97ad0
instanceKlass org/springframework/web/bind/annotation/InitBinder
instanceKlass org/springframework/core/MethodIntrospector$$Lambda$686+0x0000000800f976b8
instanceKlass org/springframework/web/util/ServletRequestPathUtils
instanceKlass org/springframework/web/servlet/handler/AbstractHandlerMethodMapping$Match
instanceKlass org/springframework/web/cors/CorsUtils
instanceKlass org/springframework/web/util/UriUtils
instanceKlass org/springframework/web/util/WebUtils
instanceKlass org/springframework/core/log/LogFormatUtils
instanceKlass org/springframework/web/servlet/DispatcherServlet$$Lambda$685+0x0000000800f96238
instanceKlass org/springframework/web/servlet/FrameworkServlet$RequestBindingInterceptor
instanceKlass org/springframework/web/context/request/async/TimeoutDeferredResultProcessingInterceptor
instanceKlass org/springframework/web/context/request/async/TimeoutCallableProcessingInterceptor
instanceKlass org/springframework/web/context/request/async/AsyncWebRequest
instanceKlass org/springframework/web/context/request/async/WebAsyncUtils
instanceKlass org/springframework/web/servlet/DispatcherServlet$$Lambda$684+0x0000000800f954c8
instanceKlass org/springframework/web/servlet/LocaleContextResolver
instanceKlass org/springframework/context/i18n/SimpleLocaleContext
instanceKlass org/springframework/context/i18n/LocaleContextHolder
instanceKlass org/apache/tomcat/util/http/parser/AcceptLanguage
instanceKlass org/apache/catalina/util/TLSUtil
instanceKlass org/apache/catalina/connector/ResponseFacade
instanceKlass org/apache/catalina/core/ApplicationFilterFactory$1
instanceKlass org/apache/catalina/core/ApplicationDispatcher
instanceKlass org/apache/catalina/AsyncDispatcher
instanceKlass org/apache/catalina/core/ApplicationFilterChain
instanceKlass org/apache/catalina/core/ApplicationFilterFactory
instanceKlass org/apache/coyote/AbstractProcessor$1
instanceKlass javax/security/auth/message/config/AuthConfigFactory$$Lambda$683+0x0000000800f92508
instanceKlass javax/security/auth/message/config/AuthConfigFactory$$Lambda$682+0x0000000800f922f0
instanceKlass javax/security/auth/message/config/AuthConfigFactory
instanceKlass org/apache/catalina/connector/RequestFacade
instanceKlass org/apache/tomcat/util/http/parser/Cookie$ByteBuffer
instanceKlass org/apache/tomcat/util/http/parser/Cookie
instanceKlass org/apache/catalina/util/SessionConfig
instanceKlass org/apache/tomcat/util/buf/UEncoder
instanceKlass org/apache/tomcat/util/collections/ConcurrentCache
instanceKlass org/apache/tomcat/util/http/parser/MediaTypeCache
instanceKlass org/apache/catalina/connector/Response
instanceKlass org/apache/catalina/core/ApplicationMapping
instanceKlass org/apache/catalina/mapper/MappingData
instanceKlass org/apache/catalina/util/ParameterMap
instanceKlass org/apache/tomcat/util/buf/ByteChunk$ByteInputChannel
instanceKlass org/apache/catalina/connector/Request$9
instanceKlass org/apache/catalina/connector/Request$8
instanceKlass org/apache/catalina/connector/Request$7
instanceKlass org/apache/catalina/connector/Request$6
instanceKlass org/apache/catalina/connector/Request$5
instanceKlass org/apache/catalina/connector/Request$4
instanceKlass org/apache/catalina/connector/Request$3
instanceKlass org/apache/catalina/connector/Request$2
instanceKlass org/apache/catalina/connector/Request$1
instanceKlass org/apache/catalina/connector/Request$SpecialAttributeAdapter
instanceKlass org/apache/tomcat/util/http/fileupload/RequestContext
instanceKlass org/apache/tomcat/util/http/fileupload/FileItemFactory
instanceKlass javax/servlet/AsyncContext
instanceKlass org/apache/catalina/connector/Request
instanceKlass org/apache/tomcat/util/http/parser/Host
instanceKlass sun/nio/cs/ThreadLocalCoders$Cache
instanceKlass sun/nio/cs/ThreadLocalCoders
instanceKlass org/apache/tomcat/util/http/parser/TokenList
instanceKlass org/apache/tomcat/util/http/ValuesEnumerator
instanceKlass org/apache/tomcat/util/buf/Ascii
instanceKlass org/apache/coyote/http11/filters/GzipOutputFilter
instanceKlass org/apache/coyote/http11/filters/BufferedInputFilter
instanceKlass org/apache/coyote/http11/filters/VoidOutputFilter
instanceKlass org/apache/coyote/http11/filters/VoidInputFilter
instanceKlass org/apache/coyote/http11/filters/ChunkedOutputFilter
instanceKlass org/apache/coyote/http11/filters/ChunkedInputFilter
instanceKlass org/apache/coyote/http11/filters/IdentityOutputFilter
instanceKlass org/apache/coyote/http11/filters/IdentityInputFilter
instanceKlass org/apache/coyote/http11/Http11OutputBuffer$SocketOutputBuffer
instanceKlass org/apache/coyote/http11/Http11OutputBuffer
instanceKlass org/apache/coyote/http11/Http11InputBuffer$SocketInputBuffer
instanceKlass org/apache/coyote/http11/Http11InputBuffer$HeaderParseData
instanceKlass org/apache/coyote/http11/Http11InputBuffer
instanceKlass org/apache/tomcat/util/net/ApplicationBufferHandler
instanceKlass org/apache/tomcat/util/http/parser/HttpParser
instanceKlass org/apache/coyote/AsyncStateMachine
instanceKlass org/apache/coyote/RequestInfo
instanceKlass org/apache/tomcat/util/log/UserDataHelper
instanceKlass org/apache/tomcat/util/http/Parameters
instanceKlass org/apache/tomcat/util/http/ServerCookie
instanceKlass org/apache/tomcat/util/http/ServerCookies
instanceKlass org/apache/tomcat/util/http/MimeHeaderField
instanceKlass org/apache/tomcat/util/http/MimeHeaders
instanceKlass org/apache/tomcat/util/buf/AbstractChunk
instanceKlass org/apache/tomcat/util/buf/MessageBytes$MessageBytesFactory
instanceKlass org/apache/tomcat/util/buf/MessageBytes
instanceKlass org/apache/coyote/http11/OutputFilter
instanceKlass org/apache/coyote/http11/HttpOutputBuffer
instanceKlass org/apache/coyote/OutputBuffer
instanceKlass org/apache/coyote/http11/InputFilter
instanceKlass org/apache/coyote/InputBuffer
instanceKlass org/apache/coyote/AbstractProcessorLight
instanceKlass org/apache/coyote/ActionHook
instanceKlass org/apache/tomcat/util/net/ContainerThreadMarker
instanceKlass org/apache/coyote/ContainerThreadMarker
instanceKlass sun/nio/ch/WindowsSelectorImpl$MapEntry
instanceKlass java/lang/invoke/ConstantBootstraps
instanceKlass org/apache/tomcat/util/net/NioEndpoint$PollerEvent
instanceKlass sun/nio/ch/SocketAdaptor$$Lambda$681+0x0000000800eedeb0
instanceKlass java/util/concurrent/Semaphore
instanceKlass org/apache/tomcat/util/net/WriteBuffer
instanceKlass org/apache/tomcat/util/net/SocketWrapperBase$3
instanceKlass org/apache/tomcat/util/net/SocketWrapperBase$2
instanceKlass org/apache/tomcat/util/net/SocketWrapperBase$1
instanceKlass org/apache/tomcat/util/net/SocketWrapperBase$OperationState
instanceKlass org/apache/tomcat/util/net/SendfileDataBase
instanceKlass org/apache/tomcat/util/net/SocketWrapperBase$CompletionCheck
instanceKlass org/apache/tomcat/util/net/SocketBufferHandler
instanceKlass java/util/function/ToDoubleFunction
instanceKlass java/util/stream/DoubleStream
instanceKlass java/util/stream/LongStream
instanceKlass org/springframework/boot/devtools/restart/Restarter$$Lambda$680+0x0000000800f7e1e0
instanceKlass java/beans/WeakIdentityMap
instanceKlass java/beans/ThreadGroupContext
instanceKlass org/springframework/boot/SpringApplicationRunListeners$$Lambda$679+0x0000000800f7ddc0
instanceKlass org/springframework/boot/CommandLineRunner
instanceKlass org/springframework/boot/ApplicationRunner
instanceKlass org/springframework/boot/SpringApplicationRunListeners$$Lambda$678+0x0000000800f7d3c0
instanceKlass jdk/internal/math/FDBigInteger
instanceKlass org/springframework/util/StopWatch$TaskInfo
instanceKlass org/springframework/util/ConcurrentReferenceHashMap$EntryIterator
instanceKlass java/util/AbstractMap$1$1
instanceKlass org/springframework/beans/CachedIntrospectionResults$$Lambda$677+0x0000000800f7c900
instanceKlass org/springframework/beans/CachedIntrospectionResults$$Lambda$676+0x0000000800f7c6b0
instanceKlass org/springframework/beans/CachedIntrospectionResults$$Lambda$675+0x0000000800f7c460
instanceKlass org/springframework/context/support/LiveBeansView
instanceKlass org/springframework/context/support/LiveBeansViewMBean
instanceKlass org/springframework/boot/devtools/restart/classloader/ClassLoaderFile
instanceKlass org/springframework/boot/autoconfigure/condition/ConditionEvaluationReport$$Lambda$674+0x0000000800f77a48
instanceKlass org/springframework/boot/autoconfigure/condition/ConditionEvaluationReport$$Lambda$673+0x0000000800f77818
instanceKlass org/springframework/boot/web/embedded/tomcat/TomcatWebServer$$Lambda$672+0x0000000800f773c0
instanceKlass org/springframework/boot/web/embedded/tomcat/TomcatWebServer$$Lambda$671+0x0000000800f77180
instanceKlass org/springframework/boot/web/embedded/tomcat/TomcatWebServer$$Lambda$670+0x0000000800f76f30
instanceKlass org/springframework/boot/web/embedded/tomcat/TomcatEmbeddedContext$$Lambda$669+0x0000000800f76d00
instanceKlass org/springframework/boot/web/embedded/tomcat/TomcatEmbeddedContext$$Lambda$668+0x0000000800f76ac8
instanceKlass java/util/TreeMap$TreeMapSpliterator
instanceKlass org/apache/coyote/AbstractProtocol$$Lambda$667+0x0000000800f76688
instanceKlass org/springframework/boot/web/embedded/tomcat/TomcatEmbeddedContext$$Lambda$666+0x0000000800f768a8
instanceKlass org/apache/coyote/AbstractProtocol$$Lambda$665+0x0000000800f76468
instanceKlass org/apache/tomcat/util/net/Acceptor
instanceKlass java/nio/channels/spi/AbstractSelector$1
instanceKlass sun/nio/ch/OptionKey
instanceKlass sun/nio/ch/SocketOptionRegistry$LazyInitialization
instanceKlass sun/nio/ch/SocketOptionRegistry$RegistryKey
instanceKlass sun/nio/ch/SocketOptionRegistry
instanceKlass sun/nio/ch/ExtendedSocketOption$1
instanceKlass sun/nio/ch/ExtendedSocketOption
instanceKlass sun/nio/ch/SocketChannelImpl$DefaultOptionsHolder
instanceKlass java/net/StandardSocketOptions$StdSocketOption
instanceKlass java/net/StandardSocketOptions
instanceKlass java/nio/BufferMismatch
instanceKlass java/nio/channels/spi/AbstractInterruptibleChannel$1
instanceKlass sun/nio/ch/Interruptible
instanceKlass com/sun/security/sasl/Provider$1
instanceKlass sun/security/provider/certpath/ldap/JdkLDAP$1
instanceKlass sun/security/jgss/SunProvider$1
instanceKlass sun/security/pkcs11/SunPKCS11$Descriptor
instanceKlass javax/security/auth/callback/CallbackHandler
instanceKlass javax/security/auth/Subject
instanceKlass org/jcp/xml/dsig/internal/dom/XMLDSigRI$2
instanceKlass org/jcp/xml/dsig/internal/dom/XMLDSigRI$1
instanceKlass sun/security/mscapi/SunMSCAPI$2
instanceKlass sun/security/mscapi/SunMSCAPI$1
instanceKlass sun/security/ssl/SunJSSE$$Lambda$664+0x0000000800ee5f50
instanceKlass java/security/spec/ECFieldF2m
instanceKlass sun/security/util/ObjectIdentifier
instanceKlass sun/security/util/ByteArrayTagOrder
instanceKlass sun/security/util/ByteArrayLexOrder
instanceKlass sun/security/util/DerEncoder
instanceKlass java/security/spec/ECParameterSpec
instanceKlass java/security/spec/AlgorithmParameterSpec
instanceKlass java/security/spec/ECPoint
instanceKlass java/security/spec/EllipticCurve
instanceKlass java/security/spec/ECFieldFp
instanceKlass java/security/spec/ECField
instanceKlass sun/security/util/CurveDB
instanceKlass sun/security/ec/SunEC$1
instanceKlass sun/security/smartcardio/SunPCSC$1
instanceKlass com/sun/security/sasl/gsskerb/JdkSASL$1
instanceKlass sun/security/jca/ProviderConfig$ProviderLoader
instanceKlass sun/security/jca/ProviderConfig$3
instanceKlass sun/security/rsa/SunRsaSignEntries
instanceKlass sun/nio/ch/UnixDomainSocketsUtil$$Lambda$663+0x0000000800ee28f8
instanceKlass sun/nio/ch/UnixDomainSocketsUtil
instanceKlass sun/nio/ch/UnixDomainSockets
instanceKlass sun/nio/ch/PipeImpl$Initializer$LoopbackConnector
instanceKlass sun/nio/ch/PipeImpl$Initializer
instanceKlass java/nio/channels/Pipe
instanceKlass sun/nio/ch/NativeObject
instanceKlass sun/nio/ch/PollArrayWrapper
instanceKlass sun/nio/ch/WindowsSelectorImpl$FinishLock
instanceKlass sun/nio/ch/WindowsSelectorImpl$StartLock
instanceKlass sun/nio/ch/WindowsSelectorImpl$SubSelector
instanceKlass java/nio/channels/SelectionKey
instanceKlass sun/nio/ch/Util$2
instanceKlass java/nio/channels/Selector
instanceKlass org/apache/tomcat/util/collections/SynchronizedQueue
instanceKlass org/apache/tomcat/util/net/NioEndpoint$Poller
instanceKlass org/apache/tomcat/util/threads/ThreadPoolExecutor$RejectPolicy
instanceKlass org/apache/tomcat/util/threads/ThreadPoolExecutor$RejectedExecutionHandler
instanceKlass sun/nio/ch/ServerSocketAdaptor$$Lambda$662+0x0000000800ede0c0
instanceKlass sun/nio/ch/SelChImpl
instanceKlass sun/nio/ch/DefaultSelectorProvider$$Lambda$661+0x0000000800edd598
instanceKlass sun/nio/ch/DefaultSelectorProvider
instanceKlass java/nio/channels/spi/SelectorProvider$Holder$$Lambda$660+0x0000000800edcce0
instanceKlass java/nio/channels/spi/SelectorProvider$Holder
instanceKlass java/nio/channels/spi/SelectorProvider
instanceKlass org/springframework/context/support/DefaultLifecycleProcessor$$Lambda$659+0x0000000800f74470
instanceKlass java/lang/invoke/LambdaForm$DMH+0x0000000800f72000
instanceKlass org/springframework/context/support/DefaultLifecycleProcessor$LifecycleGroupMember
instanceKlass java/lang/invoke/LambdaForm$MH+0x0000000800f71c00
instanceKlass java/lang/invoke/LambdaForm$DMH+0x0000000800f71800
instanceKlass java/lang/invoke/LambdaForm$DMH+0x0000000800f71400
instanceKlass org/springframework/context/support/DefaultLifecycleProcessor$$Lambda$658+0x0000000800f74000
instanceKlass java/lang/invoke/LambdaForm$DMH+0x0000000800f71000
instanceKlass java/lang/invoke/LambdaForm$MH+0x0000000800f70c00
instanceKlass java/lang/invoke/LambdaForm$DMH+0x0000000800f70800
instanceKlass java/lang/invoke/LambdaForm$DMH+0x0000000800f70400
instanceKlass org/springframework/context/support/DefaultLifecycleProcessor$$Lambda$657+0x0000000800f6fd98
instanceKlass java/lang/invoke/LambdaForm$DMH+0x0000000800f70000
instanceKlass javax/servlet/descriptor/JspConfigDescriptor
instanceKlass org/springframework/context/event/EventListenerMethodProcessor$$Lambda$656+0x0000000800f6f988
instanceKlass org/springframework/context/event/EventListener
instanceKlass org/springframework/aop/scope/ScopedObject
instanceKlass org/springframework/aop/RawTargetAccess
instanceKlass org/springframework/boot/devtools/restart/Restarter$LeakSafeThreadFactory$$Lambda$655+0x0000000800f6f180
instanceKlass org/springframework/boot/devtools/livereload/LiveReloadServer$$Lambda$654+0x0000000800f6ef60
instanceKlass java/net/Inet4AddressImpl
instanceKlass org/springframework/boot/devtools/livereload/Connection
instanceKlass java/util/concurrent/SynchronousQueue$TransferStack$SNode
instanceKlass java/util/concurrent/SynchronousQueue$Transferer
instanceKlass org/springframework/boot/devtools/livereload/LiveReloadServer$WorkerThreadFactory
instanceKlass org/springframework/boot/devtools/restart/Restarter$LeakSafeThreadFactory
instanceKlass org/springframework/beans/factory/support/AbstractBeanFactory$$Lambda$653+0x0000000800f6e6d0
instanceKlass org/springframework/boot/devtools/filewatch/FileSystemWatcher$Watcher
instanceKlass org/springframework/boot/devtools/filewatch/FileSnapshot
instanceKlass org/springframework/boot/devtools/filewatch/DirectorySnapshot$$Lambda$652+0x0000000800f6e078
instanceKlass org/springframework/boot/devtools/filewatch/FileSystemWatcher$$Lambda$651+0x0000000800f6de48
instanceKlass org/springframework/boot/devtools/filewatch/DirectorySnapshot
instanceKlass org/springframework/boot/devtools/classpath/ClassPathFileChangeListener
instanceKlass org/springframework/boot/devtools/filewatch/FileSystemWatcher$$Lambda$650+0x0000000800f6d7e0
instanceKlass org/springframework/boot/devtools/filewatch/FileSystemWatcher$$Lambda$649+0x0000000800f6d5b0
instanceKlass org/springframework/boot/devtools/classpath/ClassPathDirectories
instanceKlass org/springframework/boot/devtools/filewatch/StaticSnapshotStateRepository
instanceKlass org/springframework/boot/devtools/filewatch/SnapshotStateRepository$1
instanceKlass org/springframework/boot/devtools/filewatch/SnapshotStateRepository
instanceKlass org/springframework/boot/devtools/filewatch/FileChangeListener
instanceKlass org/springframework/boot/devtools/filewatch/ChangedFile
instanceKlass org/springframework/boot/devtools/classpath/PatternClassPathRestartStrategy
instanceKlass org/springframework/boot/devtools/autoconfigure/LocalDevToolsAutoConfiguration$RestartConfiguration$$Lambda$648+0x0000000800f6c4d0
instanceKlass org/springframework/boot/devtools/autoconfigure/LocalDevToolsAutoConfiguration$RestartConfiguration$$Lambda$647+0x0000000800f6c2b0
instanceKlass org/springframework/boot/devtools/autoconfigure/RemoteDevToolsProperties$Proxy
instanceKlass org/springframework/boot/devtools/autoconfigure/RemoteDevToolsProperties$Restart
instanceKlass org/springframework/web/multipart/MultipartHttpServletRequest
instanceKlass org/springframework/web/multipart/MultipartRequest
instanceKlass org/springframework/boot/task/TaskSchedulerBuilder$$Lambda$646+0x0000000800f6b0f8
instanceKlass org/springframework/boot/task/TaskSchedulerCustomizer
instanceKlass org/springframework/boot/autoconfigure/task/ScheduledBeanLazyInitializationExcludeFilter
instanceKlass org/springframework/scheduling/annotation/SchedulingConfigurer
instanceKlass org/springframework/boot/info/InfoProperties
instanceKlass org/springframework/context/support/DefaultLifecycleProcessor$LifecycleGroup
instanceKlass org/springframework/util/LinkedCaseInsensitiveMap$EntryIterator
instanceKlass org/springframework/util/MimeType$$Lambda$645+0x0000000800f68d40
instanceKlass org/thymeleaf/TemplateSpec
instanceKlass org/springframework/boot/autoconfigure/thymeleaf/ThymeleafAutoConfiguration$ThymeleafDefaultConfiguration$$Lambda$644+0x0000000800f68240
instanceKlass org/thymeleaf/extras/java8time/dialect/Java8TimeExpressionFactory
instanceKlass org/springframework/boot/autoconfigure/thymeleaf/ThymeleafAutoConfiguration$ThymeleafDefaultConfiguration$$Lambda$643+0x0000000800f60400
instanceKlass org/thymeleaf/templateresolver/TemplateResolution
instanceKlass org/thymeleaf/util/PatternSpec
instanceKlass org/thymeleaf/templateresource/ITemplateResource
instanceKlass org/thymeleaf/cache/ICacheEntryValidity
instanceKlass org/springframework/boot/autoconfigure/template/TemplateLocation
instanceKlass org/thymeleaf/DialectConfiguration
instanceKlass org/thymeleaf/templateparser/markup/decoupled/StandardDecoupledTemplateLogicResolver
instanceKlass org/thymeleaf/linkbuilder/AbstractLinkBuilder
instanceKlass org/thymeleaf/messageresolver/AbstractMessageResolver
instanceKlass org/thymeleaf/context/IEngineContext
instanceKlass org/thymeleaf/context/ITemplateContext
instanceKlass org/thymeleaf/context/IExpressionContext
instanceKlass org/thymeleaf/context/IContext
instanceKlass org/thymeleaf/context/StandardEngineContextFactory
instanceKlass org/thymeleaf/cache/StandardParsedTemplateEntryValidator
instanceKlass org/thymeleaf/cache/ICacheEntryValidityChecker
instanceKlass org/thymeleaf/cache/ICache
instanceKlass org/thymeleaf/cache/AbstractCacheManager
instanceKlass org/thymeleaf/util/ClassLoaderUtils
instanceKlass org/thymeleaf/util/Validate
instanceKlass org/thymeleaf/util/VersionUtils$VersionSpec
instanceKlass org/thymeleaf/util/VersionUtils
instanceKlass org/springframework/core/SpringVersion
instanceKlass org/thymeleaf/spring5/util/SpringVersionUtils
instanceKlass org/thymeleaf/standard/serializer/IStandardCSSSerializer
instanceKlass org/thymeleaf/expression/IExpressionObjectFactory
instanceKlass org/thymeleaf/standard/serializer/IStandardJavaScriptSerializer
instanceKlass org/thymeleaf/standard/expression/IStandardExpressionParser
instanceKlass org/thymeleaf/standard/expression/IStandardVariableExpressionEvaluator
instanceKlass org/thymeleaf/standard/expression/IStandardConversionService
instanceKlass org/thymeleaf/dialect/IProcessorDialect
instanceKlass org/thymeleaf/dialect/IExecutionAttributeDialect
instanceKlass org/thymeleaf/IEngineConfiguration
instanceKlass org/thymeleaf/templateparser/markup/decoupled/IDecoupledTemplateLogicResolver
instanceKlass org/thymeleaf/linkbuilder/ILinkBuilder
instanceKlass org/thymeleaf/messageresolver/IMessageResolver
instanceKlass org/thymeleaf/context/IEngineContextFactory
instanceKlass org/thymeleaf/cache/ICacheManager
instanceKlass org/thymeleaf/IThrottledTemplateProcessor
instanceKlass org/springframework/beans/factory/config/NamedBeanHolder
instanceKlass org/springframework/beans/factory/NamedBean
instanceKlass org/springframework/web/servlet/view/ContentNegotiatingViewResolver$1
instanceKlass org/springframework/web/servlet/view/AbstractCachingViewResolver$$Lambda$642+0x0000000800f64000
instanceKlass java/lang/invoke/LambdaForm$DMH+0x0000000800f60000
instanceKlass org/springframework/web/servlet/view/AbstractCachingViewResolver$CacheFilter
instanceKlass org/springframework/web/servlet/view/AbstractCachingViewResolver$1
instanceKlass org/springframework/web/servlet/SmartView
instanceKlass org/springframework/web/servlet/view/DefaultRequestToViewNameTranslator
instanceKlass org/springframework/web/servlet/view/ViewResolverComposite
instanceKlass org/springframework/web/servlet/config/annotation/UrlBasedViewResolverRegistration
instanceKlass org/springframework/web/servlet/handler/HandlerExceptionResolverComposite
instanceKlass org/springframework/web/util/UriComponentsBuilder
instanceKlass org/springframework/web/util/UriBuilder
instanceKlass org/springframework/web/servlet/function/ServerResponse
instanceKlass org/springframework/web/servlet/function/ServerResponse$Context
instanceKlass org/springframework/web/servlet/handler/SimpleUrlHandlerMapping$$Lambda$641+0x0000000800f5f6e0
instanceKlass org/apache/catalina/TrackedWebResource
instanceKlass org/apache/catalina/webresources/AbstractResource
instanceKlass org/springframework/web/servlet/resource/ResourceHttpRequestHandler$$Lambda$640+0x0000000800f5e238
instanceKlass org/springframework/web/servlet/resource/DefaultResourceTransformerChain
instanceKlass org/springframework/web/servlet/resource/DefaultResourceResolverChain
instanceKlass org/springframework/web/servlet/resource/AbstractResourceResolver
instanceKlass org/springframework/web/servlet/resource/ResourceResolver
instanceKlass org/springframework/web/servlet/resource/ResourceHttpRequestHandler$$Lambda$639+0x0000000800f5d4b8
instanceKlass org/springframework/web/servlet/resource/ResourceTransformerChain
instanceKlass org/springframework/web/HttpRequestHandler
instanceKlass org/springframework/boot/autoconfigure/web/servlet/WebMvcAutoConfiguration$WebMvcAutoConfigurationAdapter$$Lambda$638+0x0000000800f5cad0
instanceKlass org/springframework/boot/autoconfigure/web/WebProperties$Resources$Cache$Cachecontrol$$Lambda$637+0x0000000800f5c8a0
instanceKlass org/springframework/boot/autoconfigure/web/WebProperties$Resources$Cache$Cachecontrol$$Lambda$636+0x0000000800f5c680
instanceKlass org/springframework/boot/autoconfigure/web/WebProperties$Resources$Cache$Cachecontrol$$Lambda$635+0x0000000800f5c450
instanceKlass org/springframework/boot/autoconfigure/web/WebProperties$Resources$Cache$Cachecontrol$$Lambda$634+0x0000000800f5c230
instanceKlass org/springframework/boot/autoconfigure/web/WebProperties$Resources$Cache$Cachecontrol$$Lambda$633+0x0000000800f5c000
instanceKlass org/springframework/boot/autoconfigure/web/WebProperties$Resources$Cache$Cachecontrol$$Lambda$632+0x0000000800f57d50
instanceKlass org/springframework/boot/autoconfigure/web/WebProperties$Resources$Cache$Cachecontrol$$Lambda$631+0x0000000800f57b30
instanceKlass org/springframework/boot/autoconfigure/web/WebProperties$Resources$Cache$Cachecontrol$$Lambda$630+0x0000000800f57910
instanceKlass org/springframework/boot/autoconfigure/web/WebProperties$Resources$Cache$Cachecontrol$$Lambda$629+0x0000000800f576f0
instanceKlass org/springframework/boot/autoconfigure/web/WebProperties$Resources$Cache$Cachecontrol$$Lambda$628+0x0000000800f574d0
instanceKlass org/springframework/boot/autoconfigure/web/WebProperties$Resources$Cache$Cachecontrol$$Lambda$627+0x0000000800f572b0
instanceKlass org/springframework/boot/autoconfigure/web/WebProperties$Resources$Cache$Cachecontrol$$Lambda$626+0x0000000800f57090
instanceKlass org/springframework/boot/autoconfigure/web/WebProperties$Resources$Cache$Cachecontrol$$Lambda$625+0x0000000800f56e70
instanceKlass org/springframework/boot/autoconfigure/web/WebProperties$Resources$Cache$Cachecontrol$$Lambda$624+0x0000000800f56c50
instanceKlass org/springframework/boot/autoconfigure/web/WebProperties$Resources$Cache$Cachecontrol$$Lambda$623+0x0000000800f56a30
instanceKlass org/springframework/boot/context/properties/PropertyMapper$Source$$Lambda$622+0x0000000800f567e0
instanceKlass org/springframework/boot/autoconfigure/web/WebProperties$Resources$Cache$Cachecontrol$$Lambda$621+0x0000000800f565c0
instanceKlass org/springframework/boot/autoconfigure/web/servlet/WebMvcAutoConfiguration$WebMvcAutoConfigurationAdapter$$Lambda$620+0x0000000800f56390
instanceKlass org/springframework/web/servlet/function/support/RouterFunctionMapping$$Lambda$619+0x0000000800f56150
instanceKlass org/springframework/web/servlet/function/RouterFunction
instanceKlass org/springframework/web/servlet/function/HandlerFunction
instanceKlass org/springframework/web/servlet/function/ServerRequest
instanceKlass org/springframework/web/servlet/support/AbstractFlashMapManager
instanceKlass org/springframework/web/servlet/theme/AbstractThemeResolver
instanceKlass org/springframework/web/servlet/i18n/AcceptHeaderLocaleResolver
instanceKlass org/springframework/http/server/RequestPath
instanceKlass java/util/stream/Collectors$$Lambda$618+0x0000000800edb230
instanceKlass java/util/stream/Collectors$$Lambda$617+0x0000000800edb000
instanceKlass java/util/stream/Collectors$$Lambda$616+0x0000000800edade8
instanceKlass org/springframework/web/servlet/handler/AbstractHandlerMethodMapping$$Lambda$615+0x0000000800f54768
instanceKlass org/springframework/web/servlet/handler/AbstractHandlerMethodMapping$$Lambda$614+0x0000000800f54530
instanceKlass org/springframework/web/servlet/handler/AbstractHandlerMethodMapping$MappingRegistration
instanceKlass org/springframework/web/servlet/handler/AbstractHandlerMethodMapping$$Lambda$613+0x0000000800f540d0
instanceKlass org/springframework/web/servlet/mvc/method/RequestMappingInfo$DefaultBuilder
instanceKlass org/springframework/http/MediaType$$Lambda$612+0x0000000800f53950
instanceKlass org/springframework/util/MimeTypeUtils$$Lambda$611+0x0000000800f53718
instanceKlass org/springframework/util/ConcurrentLruCache
instanceKlass org/springframework/util/MimeTypeUtils
instanceKlass org/springframework/web/servlet/mvc/condition/AbstractMediaTypeExpression
instanceKlass org/springframework/web/servlet/mvc/condition/MediaTypeExpression
instanceKlass java/util/Comparators$NullComparator
instanceKlass org/springframework/web/util/pattern/PathPattern$$Lambda$610+0x0000000800f51e30
instanceKlass org/springframework/web/util/pattern/PathPattern$$Lambda$609+0x0000000800f51c18
instanceKlass java/util/Comparator$$Lambda$608+0x0000000800eda658
instanceKlass org/springframework/web/util/pattern/PathPattern$$Lambda$607+0x0000000800f51a00
instanceKlass org/springframework/web/util/pattern/PathPattern$$Lambda$606+0x0000000800f517e8
instanceKlass org/springframework/http/server/DefaultPathContainer$DefaultSeparator
instanceKlass org/springframework/http/server/PathContainer$Separator
instanceKlass org/springframework/http/server/PathContainer$PathSegment
instanceKlass org/springframework/http/server/PathContainer$Element
instanceKlass org/springframework/http/server/DefaultPathContainer
instanceKlass org/springframework/web/util/pattern/PathElement
instanceKlass org/springframework/web/util/pattern/InternalPathPatternParser
instanceKlass org/springframework/http/server/PathContainer$Options
instanceKlass org/springframework/web/servlet/mvc/method/RequestMappingInfo$Builder
instanceKlass org/springframework/core/MethodIntrospector$$Lambda$605+0x0000000800f4d200
instanceKlass org/springframework/core/MethodIntrospector
instanceKlass org/springframework/web/servlet/handler/AbstractHandlerMethodMapping$$Lambda$604+0x0000000800f4fc28
instanceKlass org/springframework/core/MethodIntrospector$MetadataLookup
instanceKlass org/springframework/web/servlet/handler/MappedInterceptor
instanceKlass org/springframework/http/server/PathContainer
instanceKlass org/springframework/web/util/pattern/PathPattern
instanceKlass org/springframework/web/servlet/mvc/condition/AbstractRequestCondition
instanceKlass org/springframework/web/servlet/handler/RequestMatchResult
instanceKlass org/springframework/web/bind/annotation/CrossOrigin
instanceKlass org/springframework/web/servlet/mvc/method/RequestMappingInfo
instanceKlass org/springframework/web/servlet/mvc/condition/RequestCondition
instanceKlass org/springframework/web/servlet/config/annotation/InterceptorRegistry$$Lambda$603+0x0000000800f4bcf0
instanceKlass org/springframework/web/servlet/config/annotation/InterceptorRegistry$$Lambda$602+0x0000000800f4bab8
instanceKlass org/springframework/web/servlet/resource/ResourceUrlProviderExposingInterceptor
instanceKlass org/springframework/web/servlet/config/annotation/InterceptorRegistration
instanceKlass org/springframework/web/servlet/handler/ConversionServiceExposingInterceptor
instanceKlass org/springframework/web/servlet/config/annotation/InterceptorRegistry$$Lambda$601+0x0000000800f4af70
instanceKlass org/springframework/web/servlet/mvc/method/RequestMappingInfo$BuilderConfiguration
instanceKlass org/springframework/web/servlet/mvc/method/RequestMappingInfoHandlerMethodMappingNamingStrategy
instanceKlass org/springframework/web/servlet/handler/AbstractHandlerMethodMapping$MappingRegistry
instanceKlass org/springframework/web/cors/DefaultCorsProcessor
instanceKlass org/springframework/web/servlet/mvc/method/RequestMappingInfoHandlerMapping$HttpOptionsHandler
instanceKlass org/springframework/web/cors/CorsConfiguration$OriginPattern
instanceKlass org/springframework/web/cors/CorsConfiguration
instanceKlass org/springframework/core/annotation/AnnotatedElementUtils$$Lambda$600+0x0000000800f49ce8
instanceKlass org/springframework/web/bind/annotation/ResponseStatus
instanceKlass org/springframework/web/servlet/handler/AbstractHandlerMethodMapping$EmptyHandler
instanceKlass org/springframework/web/servlet/handler/HandlerMethodMappingNamingStrategy
instanceKlass org/springframework/web/cors/CorsProcessor
instanceKlass org/springframework/boot/autoconfigure/web/servlet/WebMvcAutoConfiguration$WebMvcAutoConfigurationAdapter$$Lambda$599+0x0000000800f48468
instanceKlass org/springframework/boot/autoconfigure/web/servlet/WebMvcAutoConfiguration$WebMvcAutoConfigurationAdapter$$Lambda$598+0x0000000800f48230
instanceKlass org/springframework/boot/autoconfigure/web/servlet/WebMvcAutoConfiguration$WebMvcAutoConfigurationAdapter$$Lambda$597+0x0000000800f48000
instanceKlass org/springframework/web/servlet/resource/ResourceResolverChain
instanceKlass org/springframework/web/servlet/mvc/method/annotation/ViewNameMethodReturnValueHandler
instanceKlass org/springframework/web/servlet/mvc/method/annotation/AsyncTaskMethodReturnValueHandler
instanceKlass org/springframework/util/concurrent/ListenableFutureCallback
instanceKlass org/springframework/util/concurrent/FailureCallback
instanceKlass org/springframework/util/concurrent/SuccessCallback
instanceKlass org/springframework/web/servlet/mvc/method/annotation/DeferredResultMethodReturnValueHandler
instanceKlass org/springframework/web/servlet/mvc/method/annotation/CallableMethodReturnValueHandler
instanceKlass org/springframework/web/servlet/mvc/method/annotation/HttpHeadersReturnValueHandler
instanceKlass org/springframework/web/servlet/mvc/method/annotation/StreamingResponseBodyReturnValueHandler
instanceKlass org/springframework/core/task/SyncTaskExecutor
instanceKlass org/springframework/web/servlet/mvc/method/annotation/ResponseBodyEmitter
instanceKlass org/springframework/web/servlet/mvc/method/annotation/ReactiveTypeHandler
instanceKlass org/springframework/web/servlet/mvc/method/annotation/ResponseBodyEmitter$Handler
instanceKlass org/springframework/web/servlet/mvc/method/annotation/ResponseBodyEmitterReturnValueHandler
instanceKlass org/springframework/web/servlet/mvc/method/annotation/ViewMethodReturnValueHandler
instanceKlass org/springframework/web/servlet/mvc/method/annotation/ModelAndViewMethodReturnValueHandler
instanceKlass org/springframework/web/servlet/mvc/method/annotation/PrincipalMethodArgumentResolver
instanceKlass org/springframework/web/servlet/mvc/method/annotation/UriComponentsBuilderMethodArgumentResolver
instanceKlass org/springframework/web/method/annotation/SessionStatusMethodArgumentResolver
instanceKlass org/springframework/web/method/annotation/ErrorsMethodArgumentResolver
instanceKlass org/springframework/web/method/annotation/MapMethodProcessor
instanceKlass org/springframework/web/method/annotation/ModelMethodProcessor
instanceKlass org/springframework/web/servlet/mvc/support/RedirectAttributes
instanceKlass org/springframework/web/servlet/mvc/method/annotation/RedirectAttributesMethodArgumentResolver
instanceKlass org/springframework/web/servlet/mvc/method/annotation/ServletResponseMethodArgumentResolver
instanceKlass org/springframework/web/servlet/mvc/method/annotation/ServletRequestMethodArgumentResolver
instanceKlass javax/servlet/http/HttpUpgradeHandler
instanceKlass javax/servlet/http/Part
instanceKlass javax/servlet/http/PushBuilder
instanceKlass javax/servlet/http/Cookie
instanceKlass javax/servlet/http/HttpServletMapping
instanceKlass org/springframework/web/method/annotation/RequestHeaderMapMethodArgumentResolver
instanceKlass org/springframework/web/accept/ContentNegotiationManager$$Lambda$596+0x0000000800f40000
instanceKlass org/springframework/web/servlet/mvc/method/annotation/RequestResponseBodyAdviceChain
instanceKlass org/springframework/core/io/support/ResourceRegion
instanceKlass org/springframework/core/ParameterizedTypeReference
instanceKlass org/springframework/http/server/ServerHttpResponse
instanceKlass org/springframework/web/servlet/mvc/method/annotation/AbstractMessageConverterMethodArgumentResolver
instanceKlass org/springframework/validation/DataBinder
instanceKlass org/springframework/web/method/annotation/ModelAttributeMethodProcessor
instanceKlass org/springframework/web/servlet/mvc/method/annotation/MatrixVariableMapMethodArgumentResolver
instanceKlass org/springframework/web/servlet/mvc/method/annotation/PathVariableMapMethodArgumentResolver
instanceKlass org/springframework/web/method/annotation/RequestParamMapMethodArgumentResolver
instanceKlass org/springframework/web/method/annotation/AbstractNamedValueMethodArgumentResolver$NamedValueInfo
instanceKlass org/springframework/web/method/annotation/AbstractNamedValueMethodArgumentResolver
instanceKlass org/springframework/web/bind/annotation/ControllerAdvice
instanceKlass org/springframework/web/method/support/HandlerMethodReturnValueHandlerComposite
instanceKlass org/springframework/web/method/support/HandlerMethodReturnValueHandler
instanceKlass org/springframework/web/method/support/HandlerMethodArgumentResolverComposite
instanceKlass org/springframework/web/method/support/HandlerMethodArgumentResolver
instanceKlass org/springframework/http/CacheControl
instanceKlass org/springframework/web/method/support/ModelAndViewContainer
instanceKlass org/springframework/web/method/annotation/ModelFactory
instanceKlass org/springframework/web/method/ControllerAdviceBean
instanceKlass org/springframework/web/method/annotation/SessionAttributesHandler
instanceKlass org/springframework/boot/task/TaskExecutorBuilder$$Lambda$595+0x0000000800f37358
instanceKlass org/springframework/boot/task/TaskExecutorBuilder$$Lambda$594+0x0000000800f37128
instanceKlass org/springframework/boot/task/TaskExecutorBuilder$$Lambda$593+0x0000000800f36ef8
instanceKlass java/lang/invoke/LambdaForm$DMH+0x0000000800f38400
instanceKlass org/springframework/boot/task/TaskExecutorBuilder$$Lambda$592+0x0000000800f36cc0
instanceKlass org/springframework/boot/task/TaskExecutorBuilder$$Lambda$591+0x0000000800f36a90
instanceKlass org/springframework/boot/task/TaskExecutorBuilder$$Lambda$590+0x0000000800f36860
instanceKlass org/springframework/boot/task/TaskExecutorBuilder$$Lambda$589+0x0000000800f36630
instanceKlass org/springframework/boot/task/TaskExecutorBuilder$$Lambda$588+0x0000000800f363f8
instanceKlass org/springframework/boot/task/TaskExecutorBuilder$$Lambda$587+0x0000000800f361c8
instanceKlass org/springframework/boot/task/TaskExecutorBuilder$$Lambda$586+0x0000000800f35f98
instanceKlass org/springframework/boot/task/TaskExecutorBuilder$$Lambda$585+0x0000000800f35d68
instanceKlass java/lang/invoke/LambdaForm$DMH+0x0000000800f38000
instanceKlass org/springframework/web/servlet/mvc/method/annotation/AbstractMappingJacksonResponseBodyAdvice
instanceKlass org/springframework/web/servlet/mvc/method/annotation/ResponseBodyAdvice
instanceKlass org/springframework/web/servlet/mvc/method/annotation/RequestBodyAdviceAdapter
instanceKlass org/springframework/web/servlet/mvc/method/annotation/RequestBodyAdvice
instanceKlass org/springframework/core/NestedExceptionUtils
instanceKlass com/fasterxml/jackson/databind/deser/DeserializationProblemHandler
instanceKlass com/fasterxml/jackson/core/io/CharacterEscapes
instanceKlass com/fasterxml/jackson/databind/jsonschema/JsonSchema
instanceKlass com/fasterxml/jackson/databind/MappingIterator
instanceKlass com/fasterxml/jackson/databind/cfg/ConstructorDetector
instanceKlass com/fasterxml/jackson/annotation/JsonAutoDetect$Value
instanceKlass com/fasterxml/jackson/databind/InjectableValues
instanceKlass com/fasterxml/jackson/core/FormatSchema
instanceKlass com/fasterxml/jackson/databind/jsonFormatVisitors/JsonFormatVisitorWrapper
instanceKlass com/fasterxml/jackson/databind/jsonFormatVisitors/JsonFormatVisitorWithSerializerProvider
instanceKlass com/fasterxml/jackson/databind/ObjectWriter
instanceKlass com/fasterxml/jackson/core/type/TypeReference
instanceKlass com/fasterxml/jackson/module/paramnames/ParameterExtractor
instanceKlass org/springframework/http/converter/json/Jackson2ObjectMapperBuilder$$Lambda$584+0x0000000800f2bbc0
instanceKlass java/lang/SafeVarargs
instanceKlass com/fasterxml/jackson/databind/ser/FilterProvider
instanceKlass org/springframework/beans/factory/support/DefaultListableBeanFactory$$Lambda$583+0x0000000800f2f618
instanceKlass org/springframework/boot/jackson/JsonComponent
instanceKlass com/fasterxml/jackson/databind/deser/ValueInstantiator
instanceKlass com/fasterxml/jackson/databind/PropertyNamingStrategy
instanceKlass com/fasterxml/jackson/databind/jsontype/NamedType
instanceKlass com/fasterxml/jackson/module/paramnames/PackageVersion
instanceKlass java/util/EnumMap$EnumMapIterator
instanceKlass org/springframework/boot/autoconfigure/jackson/JacksonAutoConfiguration$Jackson2ObjectMapperBuilderCustomizerConfiguration$StandardJackson2ObjectMapperBuilderCustomizer$$Lambda$582+0x0000000800f2d918
instanceKlass org/springframework/boot/autoconfigure/jackson/JacksonAutoConfiguration$Jackson2ObjectMapperBuilderCustomizerConfiguration$StandardJackson2ObjectMapperBuilderCustomizer$$Lambda$581+0x0000000800f2d6e8
instanceKlass org/springframework/http/HttpHeaders
instanceKlass org/springframework/boot/context/properties/bind/Binder$$Lambda$580+0x0000000800f2caf0
instanceKlass org/springframework/boot/autoconfigure/web/servlet/WebMvcAutoConfiguration$WebMvcAutoConfigurationAdapter$$Lambda$579+0x0000000800f27a98
instanceKlass org/springframework/web/bind/support/DefaultSessionAttributeStore
instanceKlass java/util/concurrent/Flow$Publisher
instanceKlass org/springframework/core/ReactiveAdapterRegistry
instanceKlass org/springframework/web/context/request/async/DeferredResultProcessingInterceptor
instanceKlass org/springframework/util/ConcurrencyThrottleSupport
instanceKlass org/springframework/util/concurrent/ListenableFuture
instanceKlass org/springframework/web/servlet/mvc/method/annotation/RequestMappingHandlerAdapter$$Lambda$578+0x0000000800f25e78
instanceKlass org/springframework/web/servlet/mvc/method/annotation/RequestMappingHandlerAdapter$$Lambda$577+0x0000000800f25c50
instanceKlass org/springframework/web/bind/support/SessionAttributeStore
instanceKlass org/springframework/web/bind/support/DefaultDataBinderFactory
instanceKlass org/springframework/web/bind/support/WebDataBinderFactory
instanceKlass org/springframework/web/method/HandlerMethod
instanceKlass org/springframework/web/servlet/config/annotation/WebMvcConfigurationSupport$NoOpValidator
instanceKlass org/springframework/boot/autoconfigure/web/format/DateTimeFormatters
instanceKlass org/springframework/web/context/request/NativeWebRequest
instanceKlass org/springframework/web/accept/MappingMediaTypeFileExtensionResolver$$Lambda$576+0x0000000800f23c18
instanceKlass org/springframework/web/accept/MappingMediaTypeFileExtensionResolver$$Lambda$575+0x0000000800f239e8
instanceKlass org/springframework/web/accept/HeaderContentNegotiationStrategy
instanceKlass org/springframework/web/accept/ContentNegotiationManagerFactoryBean$$Lambda$574+0x0000000800f233a8
instanceKlass org/springframework/boot/autoconfigure/web/servlet/WebMvcAutoConfiguration$WebMvcAutoConfigurationAdapter$$Lambda$573+0x0000000800f23178
instanceKlass org/springframework/web/accept/MappingMediaTypeFileExtensionResolver
instanceKlass org/springframework/web/accept/ContentNegotiationManagerFactoryBean
instanceKlass org/springframework/core/annotation/AnnotationUtils$$Lambda$572+0x0000000800f22170
instanceKlass org/springframework/core/annotation/TypeMappedAnnotation$$Lambda$571+0x0000000800f21f58
instanceKlass org/springframework/core/annotation/AnnotationUtils$$Lambda$570+0x0000000800f21d10
instanceKlass org/springframework/util/ReflectionUtils$$Lambda$569+0x0000000800f218a0
instanceKlass org/springframework/beans/factory/annotation/InjectionMetadata$InjectedElement
instanceKlass org/springframework/beans/factory/annotation/AutowiredAnnotationBeanPostProcessor$$Lambda$568+0x0000000800f20e38
instanceKlass org/springframework/web/servlet/config/annotation/WebMvcConfigurerComposite
instanceKlass org/springframework/boot/autoconfigure/web/servlet/WebMvcAutoConfiguration$ResourceHandlerRegistrationCustomizer
instanceKlass org/springframework/boot/autoconfigure/web/servlet/WebMvcRegistrations
instanceKlass org/springframework/web/bind/annotation/ExceptionHandler
instanceKlass org/springframework/http/HttpEntity
instanceKlass org/springframework/validation/BindingResult
instanceKlass org/springframework/validation/Errors
instanceKlass org/springframework/boot/web/error/ErrorAttributeOptions
instanceKlass org/springframework/boot/convert/DurationStyle$Unit$$Lambda$567+0x0000000800f1fae8
instanceKlass org/springframework/boot/convert/DurationStyle$Unit$$Lambda$566+0x0000000800f1f8b0
instanceKlass org/springframework/boot/convert/DurationStyle$Unit$$Lambda$565+0x0000000800f1f678
instanceKlass org/springframework/boot/convert/DurationStyle$Unit$$Lambda$564+0x0000000800f1f440
instanceKlass org/springframework/boot/convert/DurationStyle$Unit$$Lambda$563+0x0000000800f1f208
instanceKlass org/springframework/boot/convert/DurationStyle$Unit$$Lambda$562+0x0000000800f1efd0
instanceKlass org/springframework/boot/convert/DurationStyle$Unit$$Lambda$561+0x0000000800f1ed98
instanceKlass java/util/regex/Pattern$1
instanceKlass org/springframework/core/annotation/AnnotatedElementUtils$$Lambda$560+0x0000000800f1e000
instanceKlass org/springframework/boot/convert/DurationFormat
instanceKlass org/springframework/boot/autoconfigure/web/WebProperties$Resources$Cache$Cachecontrol
instanceKlass org/springframework/boot/autoconfigure/web/WebProperties$Resources$Chain$Strategy$Content
instanceKlass org/springframework/boot/autoconfigure/web/WebProperties$Resources$Chain$Strategy$Fixed
instanceKlass org/springframework/boot/autoconfigure/web/WebProperties$Resources$Chain$Strategy
instanceKlass org/springframework/context/support/MessageSourceAccessor
instanceKlass org/springframework/boot/autoconfigure/web/servlet/error/ErrorMvcAutoConfiguration$StaticView
instanceKlass org/springframework/boot/task/TaskExecutorBuilder$$Lambda$559+0x0000000800f1a078
instanceKlass org/springframework/boot/autoconfigure/task/TaskExecutionAutoConfiguration$$Lambda$558+0x0000000800f19e38
instanceKlass org/springframework/core/task/TaskDecorator
instanceKlass org/springframework/boot/task/TaskExecutorCustomizer
instanceKlass org/springframework/boot/validation/beanvalidation/MethodValidationExcludeFilter$$Lambda$557+0x0000000800f19828
instanceKlass org/springframework/ui/Model
instanceKlass org/springframework/beans/factory/SmartFactoryBean
instanceKlass org/springframework/context/weaving/LoadTimeWeaverAware
instanceKlass org/springframework/boot/web/servlet/context/WebServerStartStopLifecycle
instanceKlass org/springframework/boot/web/context/WebServerGracefulShutdownLifecycle
instanceKlass org/springframework/context/SmartLifecycle
instanceKlass org/springframework/context/Phased
instanceKlass org/apache/naming/ContextAccessController
instanceKlass java/util/concurrent/ForkJoinPool$WorkQueue
instanceKlass java/util/concurrent/ForkJoinPool$1
instanceKlass java/util/concurrent/ForkJoinPool$DefaultForkJoinWorkerThreadFactory
instanceKlass java/util/concurrent/ForkJoinPool$ForkJoinWorkerThreadFactory
instanceKlass java/util/concurrent/ForkJoinTask
instanceKlass org/apache/naming/StringManager
instanceKlass org/apache/catalina/core/StandardServer$$Lambda$556+0x0000000800f17a30
instanceKlass org/apache/naming/ContextBindings
instanceKlass java/util/concurrent/locks/AbstractQueuedSynchronizer$Node
instanceKlass java/util/concurrent/ForkJoinPool$ManagedBlocker
instanceKlass org/apache/catalina/core/StandardServer$$Lambda$555+0x0000000800f17610
instanceKlass org/apache/catalina/core/ContainerBase$ContainerBackgroundProcessor
instanceKlass org/apache/catalina/mapper/WrapperMappingInfo
instanceKlass org/apache/catalina/mapper/Mapper$ContextList
instanceKlass java/util/concurrent/TimeUnit$1
instanceKlass org/apache/tomcat/util/threads/Constants
instanceKlass org/apache/tomcat/util/threads/TaskThread$WrappingRunnable
instanceKlass java/util/concurrent/Executors$RunnableAdapter
instanceKlass java/util/concurrent/Executors
instanceKlass org/apache/catalina/core/ContainerBase$ContainerBackgroundProcessorMonitor
instanceKlass org/apache/catalina/util/Introspection
instanceKlass org/apache/catalina/core/ApplicationFilterConfig
instanceKlass javax/servlet/HttpConstraintElement
instanceKlass org/apache/catalina/core/StandardContext$NoPluggabilityServletContext
instanceKlass org/apache/tomcat/websocket/server/WsContextListener
instanceKlass org/apache/tomcat/websocket/server/WsSessionListener
instanceKlass javax/servlet/GenericFilter
instanceKlass org/apache/tomcat/websocket/server/WsWriteTimeout$EndpointComparator
instanceKlass org/apache/tomcat/websocket/server/WsWriteTimeout
instanceKlass org/apache/tomcat/websocket/WsExtension
instanceKlass javax/websocket/Extension
instanceKlass org/apache/tomcat/websocket/Constants
instanceKlass javax/websocket/CloseReason
instanceKlass javax/websocket/CloseReason$CloseCode
instanceKlass javax/websocket/Session
instanceKlass javax/websocket/EndpointConfig
instanceKlass org/apache/tomcat/websocket/WsRemoteEndpointImplBase
instanceKlass javax/websocket/RemoteEndpoint
instanceKlass org/apache/tomcat/websocket/AsyncChannelWrapper
instanceKlass javax/websocket/HandshakeResponse
instanceKlass org/apache/tomcat/websocket/ClientEndpointHolder
instanceKlass org/apache/tomcat/websocket/WsWebSocketContainer
instanceKlass org/apache/tomcat/websocket/BackgroundProcess
instanceKlass org/apache/catalina/core/ApplicationFilterRegistration
instanceKlass org/apache/tomcat/util/descriptor/web/Constants
instanceKlass org/apache/catalina/core/ApplicationServletRegistration
instanceKlass org/apache/tomcat/util/modeler/Util
instanceKlass org/apache/catalina/core/StandardWrapperFacade
instanceKlass org/springframework/boot/web/servlet/ServletContextInitializerBeans$$Lambda$554+0x0000000800f0c800
instanceKlass org/springframework/boot/web/servlet/ServletContextInitializerBeans$ServletListenerRegistrationBeanAdapter
instanceKlass javax/servlet/ServletContextListener
instanceKlass javax/servlet/http/HttpSessionListener
instanceKlass javax/servlet/http/HttpSessionIdListener
instanceKlass javax/servlet/http/HttpSessionAttributeListener
instanceKlass javax/servlet/ServletRequestAttributeListener
instanceKlass javax/servlet/ServletContextAttributeListener
instanceKlass org/apache/catalina/loader/WebappClassLoaderBase$CombinedEnumeration
instanceKlass javax/servlet/FilterConfig
instanceKlass javax/servlet/FilterChain
instanceKlass org/springframework/boot/web/servlet/ServletContextInitializerBeans$FilterRegistrationBeanAdapter
instanceKlass org/springframework/boot/web/servlet/ServletContextInitializerBeans$ServletRegistrationBeanAdapter
instanceKlass org/springframework/boot/web/servlet/ServletContextInitializerBeans$$Lambda$553+0x0000000800f0bd20
instanceKlass org/springframework/boot/web/servlet/ServletContextInitializerBeans$RegistrationBeanAdapter
instanceKlass org/springframework/web/context/support/ServletContextScope
instanceKlass org/springframework/boot/web/servlet/server/AbstractServletWebServerFactory$SessionConfiguringInitializer$$Lambda$552+0x0000000800f0b2e8
instanceKlass org/springframework/boot/web/servlet/server/AbstractServletWebServerFactory$SessionConfiguringInitializer$$Lambda$551+0x0000000800f0b0b0
instanceKlass org/springframework/boot/web/servlet/server/AbstractServletWebServerFactory$SessionConfiguringInitializer$$Lambda$550+0x0000000800f0ae90
instanceKlass org/springframework/boot/web/servlet/server/AbstractServletWebServerFactory$SessionConfiguringInitializer$$Lambda$549+0x0000000800f0ac60
instanceKlass org/springframework/boot/web/servlet/server/AbstractServletWebServerFactory$SessionConfiguringInitializer$$Lambda$548+0x0000000800f0aa40
instanceKlass org/springframework/boot/web/servlet/server/AbstractServletWebServerFactory$SessionConfiguringInitializer$$Lambda$547+0x0000000800f0a810
instanceKlass org/springframework/boot/web/servlet/server/AbstractServletWebServerFactory$SessionConfiguringInitializer$$Lambda$546+0x0000000800f0a5f0
instanceKlass org/springframework/boot/web/servlet/server/AbstractServletWebServerFactory$SessionConfiguringInitializer$$Lambda$545+0x0000000800f0a3c0
instanceKlass org/springframework/boot/web/servlet/server/AbstractServletWebServerFactory$SessionConfiguringInitializer$$Lambda$544+0x0000000800f0a1a0
instanceKlass org/springframework/boot/web/servlet/server/AbstractServletWebServerFactory$SessionConfiguringInitializer$$Lambda$543+0x0000000800f09f70
instanceKlass org/springframework/boot/web/servlet/server/AbstractServletWebServerFactory$SessionConfiguringInitializer$$Lambda$542+0x0000000800f09d50
instanceKlass org/springframework/boot/web/servlet/server/AbstractServletWebServerFactory$SessionConfiguringInitializer$$Lambda$541+0x0000000800f09b20
instanceKlass org/springframework/boot/web/servlet/server/AbstractServletWebServerFactory$SessionConfiguringInitializer$$Lambda$540+0x0000000800f09900
instanceKlass org/springframework/boot/web/servlet/server/AbstractServletWebServerFactory$SessionConfiguringInitializer$$Lambda$539+0x0000000800f096d0
instanceKlass org/springframework/boot/web/servlet/server/AbstractServletWebServerFactory$SessionConfiguringInitializer$$Lambda$538+0x0000000800f094b0
instanceKlass org/springframework/boot/web/servlet/server/AbstractServletWebServerFactory$$Lambda$537+0x0000000800f09280
instanceKlass java/lang/invoke/LambdaForm$DMH+0x0000000800f0c000
instanceKlass org/apache/tomcat/InstanceManagerBindings
instanceKlass org/apache/catalina/core/DefaultInstanceManager$AnnotationCacheEntry
instanceKlass org/apache/catalina/core/DefaultInstanceManager
instanceKlass org/springframework/boot/web/servlet/server/StaticResourceJars$$Lambda$536+0x0000000800f06468
instanceKlass org/springframework/boot/web/servlet/server/StaticResourceJars$$Lambda$535+0x0000000800f06228
instanceKlass org/apache/tomcat/util/http/ConcurrentDateFormat
instanceKlass org/apache/tomcat/util/http/FastHttpDateFormat
instanceKlass javax/security/auth/message/MessageInfo
instanceKlass javax/security/auth/message/config/RegistrationListener
instanceKlass org/apache/catalina/Authenticator
instanceKlass org/apache/tomcat/util/descriptor/web/FilterDef
instanceKlass org/apache/catalina/startup/WebAnnotationSet
